<?xml version="1.0" encoding="UTF-8"?>
<!-- Generated by org.testng.reporters.JUnitReportReporter -->
<testsuite hostname="dhcp-26-121.brq.redhat.com" name="com.yahoo.ycsb.TestByteIterator" tests="1" failures="0" timestamp="1 Apr 2013 05:07:32 GMT" time="0.018" errors="0">
  <testcase name="testRandomByteIterator" time="0.018" classname="com.yahoo.ycsb.TestByteIterator"/>
</testsuite>
