<?xml version="1.0" encoding="UTF-8" ?>
<testsuite failures="0" time="0.51" errors="0" skipped="0" tests="1" name="TestSuite">
  <properties>
    <property name="java.runtime.name" value="Java(TM) SE Runtime Environment"/>
    <property name="sun.boot.library.path" value="/home/mcupak/jdk1.6.0_31/jre/lib/i386"/>
    <property name="java.vm.version" value="20.6-b01"/>
    <property name="java.vm.vendor" value="Sun Microsystems Inc."/>
    <property name="java.vendor.url" value="http://java.sun.com/"/>
    <property name="path.separator" value=":"/>
    <property name="java.vm.name" value="Java HotSpot(TM) Server VM"/>
    <property name="file.encoding.pkg" value="sun.io"/>
    <property name="user.country" value="US"/>
    <property name="sun.java.launcher" value="SUN_STANDARD"/>
    <property name="sun.os.patch.level" value="unknown"/>
    <property name="java.vm.specification.name" value="Java Virtual Machine Specification"/>
    <property name="user.dir" value="/home/mcupak/Documents/uoft/middleware/project/YCSB/core"/>
    <property name="java.runtime.version" value="1.6.0_31-b04"/>
    <property name="java.awt.graphicsenv" value="sun.awt.X11GraphicsEnvironment"/>
    <property name="basedir" value="/home/mcupak/Documents/uoft/middleware/project/YCSB/core"/>
    <property name="java.endorsed.dirs" value="/home/mcupak/jdk1.6.0_31/jre/lib/endorsed"/>
    <property name="os.arch" value="i386"/>
    <property name="surefire.real.class.path" value="/home/mcupak/Documents/uoft/middleware/project/YCSB/core/target/surefire/surefirebooter3430971030319710742.jar"/>
    <property name="java.io.tmpdir" value="/tmp"/>
    <property name="line.separator" value="
"/>
    <property name="java.vm.specification.vendor" value="Sun Microsystems Inc."/>
    <property name="os.name" value="Linux"/>
    <property name="sun.jnu.encoding" value="UTF-8"/>
    <property name="java.library.path" value="/home/mcupak/jdk1.6.0_31/jre/lib/i386/server:/home/mcupak/jdk1.6.0_31/jre/lib/i386:/home/mcupak/jdk1.6.0_31/jre/../lib/i386:/usr/java/packages/lib/i386:/lib:/usr/lib"/>
    <property name="surefire.test.class.path" value="/home/mcupak/Documents/uoft/middleware/project/YCSB/core/target/test-classes:/home/mcupak/Documents/uoft/middleware/project/YCSB/core/target/classes:/home/mcupak/.m2/repository/org/codehaus/jackson/jackson-mapper-asl/1.9.4/jackson-mapper-asl-1.9.4.jar:/home/mcupak/.m2/repository/org/codehaus/jackson/jackson-core-asl/1.9.4/jackson-core-asl-1.9.4.jar:/home/mcupak/.m2/repository/mysql/mysql-connector-java/5.1.24/mysql-connector-java-5.1.24.jar:/home/mcupak/.m2/repository/org/testng/testng/6.1.1/testng-6.1.1.jar:/home/mcupak/.m2/repository/junit/junit/3.8.1/junit-3.8.1.jar:/home/mcupak/.m2/repository/org/beanshell/bsh/2.0b4/bsh-2.0b4.jar:/home/mcupak/.m2/repository/com/beust/jcommander/1.12/jcommander-1.12.jar:/home/mcupak/.m2/repository/org/yaml/snakeyaml/1.6/snakeyaml-1.6.jar:/home/mcupak/.m2/repository/checkstyle/checkstyle/5.0/checkstyle-5.0.jar:/home/mcupak/.m2/repository/antlr/antlr/2.7.6/antlr-2.7.6.jar:/home/mcupak/.m2/repository/commons-beanutils/commons-beanutils-core/1.7.0/commons-beanutils-core-1.7.0.jar:/home/mcupak/.m2/repository/commons-collections/commons-collections/2.0/commons-collections-2.0.jar:/home/mcupak/.m2/repository/commons-cli/commons-cli/1.0/commons-cli-1.0.jar:/home/mcupak/.m2/repository/commons-lang/commons-lang/1.0/commons-lang-1.0.jar:/home/mcupak/.m2/repository/commons-logging/commons-logging/1.0.3/commons-logging-1.0.3.jar:/home/mcupak/.m2/repository/org/jdom/jdom/1.1/jdom-1.1.jar:/home/mcupak/.m2/repository/com/google/collections/google-collections/1.0/google-collections-1.0.jar:/home/mcupak/.m2/repository/org/slf4j/slf4j-api/1.6.4/slf4j-api-1.6.4.jar:"/>
    <property name="java.specification.name" value="Java Platform API Specification"/>
    <property name="java.class.version" value="50.0"/>
    <property name="sun.management.compiler" value="HotSpot Tiered Compilers"/>
    <property name="os.version" value="2.6.35.14-106.fc14.i686.PAE"/>
    <property name="user.home" value="/home/mcupak"/>
    <property name="user.timezone" value="America/Toronto"/>
    <property name="java.awt.printerjob" value="sun.print.PSPrinterJob"/>
    <property name="file.encoding" value="UTF-8"/>
    <property name="java.specification.version" value="1.6"/>
    <property name="user.name" value="mcupak"/>
    <property name="java.class.path" value="/home/mcupak/Documents/uoft/middleware/project/YCSB/core/target/test-classes:/home/mcupak/Documents/uoft/middleware/project/YCSB/core/target/classes:/home/mcupak/.m2/repository/org/codehaus/jackson/jackson-mapper-asl/1.9.4/jackson-mapper-asl-1.9.4.jar:/home/mcupak/.m2/repository/org/codehaus/jackson/jackson-core-asl/1.9.4/jackson-core-asl-1.9.4.jar:/home/mcupak/.m2/repository/mysql/mysql-connector-java/5.1.24/mysql-connector-java-5.1.24.jar:/home/mcupak/.m2/repository/org/testng/testng/6.1.1/testng-6.1.1.jar:/home/mcupak/.m2/repository/junit/junit/3.8.1/junit-3.8.1.jar:/home/mcupak/.m2/repository/org/beanshell/bsh/2.0b4/bsh-2.0b4.jar:/home/mcupak/.m2/repository/com/beust/jcommander/1.12/jcommander-1.12.jar:/home/mcupak/.m2/repository/org/yaml/snakeyaml/1.6/snakeyaml-1.6.jar:/home/mcupak/.m2/repository/checkstyle/checkstyle/5.0/checkstyle-5.0.jar:/home/mcupak/.m2/repository/antlr/antlr/2.7.6/antlr-2.7.6.jar:/home/mcupak/.m2/repository/commons-beanutils/commons-beanutils-core/1.7.0/commons-beanutils-core-1.7.0.jar:/home/mcupak/.m2/repository/commons-collections/commons-collections/2.0/commons-collections-2.0.jar:/home/mcupak/.m2/repository/commons-cli/commons-cli/1.0/commons-cli-1.0.jar:/home/mcupak/.m2/repository/commons-lang/commons-lang/1.0/commons-lang-1.0.jar:/home/mcupak/.m2/repository/commons-logging/commons-logging/1.0.3/commons-logging-1.0.3.jar:/home/mcupak/.m2/repository/org/jdom/jdom/1.1/jdom-1.1.jar:/home/mcupak/.m2/repository/com/google/collections/google-collections/1.0/google-collections-1.0.jar:/home/mcupak/.m2/repository/org/slf4j/slf4j-api/1.6.4/slf4j-api-1.6.4.jar:"/>
    <property name="java.vm.specification.version" value="1.0"/>
    <property name="sun.arch.data.model" value="32"/>
    <property name="java.home" value="/home/mcupak/jdk1.6.0_31/jre"/>
    <property name="sun.java.command" value="/home/mcupak/Documents/uoft/middleware/project/YCSB/core/target/surefire/surefirebooter3430971030319710742.jar /home/mcupak/Documents/uoft/middleware/project/YCSB/core/target/surefire/surefire4765407516696626207tmp /home/mcupak/Documents/uoft/middleware/project/YCSB/core/target/surefire/surefire1599265791055749997tmp"/>
    <property name="java.specification.vendor" value="Sun Microsystems Inc."/>
    <property name="user.language" value="en"/>
    <property name="java.vm.info" value="mixed mode"/>
    <property name="java.version" value="1.6.0_31"/>
    <property name="java.ext.dirs" value="/home/mcupak/jdk1.6.0_31/jre/lib/ext:/usr/java/packages/lib/ext"/>
    <property name="sun.boot.class.path" value="/home/mcupak/jdk1.6.0_31/jre/lib/resources.jar:/home/mcupak/jdk1.6.0_31/jre/lib/rt.jar:/home/mcupak/jdk1.6.0_31/jre/lib/sunrsasign.jar:/home/mcupak/jdk1.6.0_31/jre/lib/jsse.jar:/home/mcupak/jdk1.6.0_31/jre/lib/jce.jar:/home/mcupak/jdk1.6.0_31/jre/lib/charsets.jar:/home/mcupak/jdk1.6.0_31/jre/lib/modules/jdk.boot.jar:/home/mcupak/jdk1.6.0_31/jre/classes"/>
    <property name="java.vendor" value="Sun Microsystems Inc."/>
    <property name="localRepository" value="/home/mcupak/.m2/repository"/>
    <property name="file.separator" value="/"/>
    <property name="java.vendor.url.bug" value="http://java.sun.com/cgi-bin/bugreport.cgi"/>
    <property name="sun.cpu.endian" value="little"/>
    <property name="sun.io.unicode.encoding" value="UnicodeLittle"/>
    <property name="sun.cpu.isalist" value=""/>
  </properties>
  <testcase time="0.017" classname="com.yahoo.ycsb.TestByteIterator" name="testRandomByteIterator"/>
</testsuite>